training 前
training 開始
0
test start!
0番目のデータ
[7](0,0,0,0,0,0,0) [1](0)
[1](0.568528)
False
1番目のデータ
[7](0,0,0,0,0,0,1) [1](1)
[1](0.603899)
True
2番目のデータ
[7](0,0,0,0,0,1,0) [1](1)
[1](0.510486)
True
3番目のデータ
[7](0,0,0,0,0,1,1) [1](0)
[1](0.545485)
False
4番目のデータ
[7](0,0,0,0,1,0,0) [1](1)
[1](0.560062)
True
5番目のデータ
[7](0,0,0,0,1,0,1) [1](0)
[1](0.593758)
False
6番目のデータ
[7](0,0,0,0,1,1,0) [1](0)
[1](0.502989)
False
7番目のデータ
[7](0,0,0,0,1,1,1) [1](1)
[1](0.538409)
True
8番目のデータ
[7](0,0,0,1,0,0,0) [1](1)
[1](0.566036)
True
9番目のデータ
[7](0,0,0,1,0,0,1) [1](0)
[1](0.593994)
False
10番目のデータ
[7](0,0,0,1,0,1,0) [1](0)
[1](0.50964)
False
11番目のデータ
[7](0,0,0,1,0,1,1) [1](1)
[1](0.537515)
True
12番目のデータ
[7](0,0,0,1,1,0,0) [1](0)
[1](0.558525)
False
13番目のデータ
[7](0,0,0,1,1,0,1) [1](1)
[1](0.58182)
True
14番目のデータ
[7](0,0,0,1,1,1,0) [1](1)
[1](0.506051)
True
15番目のデータ
[7](0,0,0,1,1,1,1) [1](0)
[1](0.531718)
False
16番目のデータ
[7](0,0,1,0,0,0,0) [1](1)
[1](0.494471)
False
17番目のデータ
[7](0,0,1,0,0,0,1) [1](0)
[1](0.528727)
False
18番目のデータ
[7](0,0,1,0,0,1,0) [1](0)
[1](0.442152)
True
19番目のデータ
[7](0,0,1,0,0,1,1) [1](1)
[1](0.469403)
False
20番目のデータ
[7](0,0,1,0,1,0,0) [1](0)
[1](0.488646)
True
21番目のデータ
[7](0,0,1,0,1,0,1) [1](1)
[1](0.518864)
True
22番目のデータ
[7](0,0,1,0,1,1,0) [1](1)
[1](0.440614)
False
23番目のデータ
[7](0,0,1,0,1,1,1) [1](0)
[1](0.466326)
True
24番目のデータ
[7](0,0,1,1,0,0,0) [1](0)
[1](0.495239)
True
25番目のデータ
[7](0,0,1,1,0,0,1) [1](1)
[1](0.516156)
True
26番目のデータ
[7](0,0,1,1,0,1,0) [1](1)
[1](0.441559)
False
27番目のデータ
[7](0,0,1,1,0,1,1) [1](0)
[1](0.45687)
True
28番目のデータ
[7](0,0,1,1,1,0,0) [1](1)
[1](0.490089)
False
29番目のデータ
[7](0,0,1,1,1,0,1) [1](0)
[1](0.504614)
False
30番目のデータ
[7](0,0,1,1,1,1,0) [1](0)
[1](0.444011)
True
31番目のデータ
[7](0,0,1,1,1,1,1) [1](1)
[1](0.455357)
False
32番目のデータ
[7](0,1,0,0,0,0,0) [1](1)
[1](0.584416)
True
33番目のデータ
[7](0,1,0,0,0,0,1) [1](0)
[1](0.616668)
False
34番目のデータ
[7](0,1,0,0,0,1,0) [1](0)
[1](0.533)
False
35番目のデータ
[7](0,1,0,0,0,1,1) [1](1)
[1](0.568486)
True
36番目のデータ
[7](0,1,0,0,1,0,0) [1](0)
[1](0.57576)
False
37番目のデータ
[7](0,1,0,0,1,0,1) [1](1)
[1](0.609155)
True
38番目のデータ
[7](0,1,0,0,1,1,0) [1](1)
[1](0.523615)
True
39番目のデータ
[7](0,1,0,0,1,1,1) [1](0)
[1](0.562096)
False
40番目のデータ
[7](0,1,0,1,0,0,0) [1](0)
[1](0.578232)
False
41番目のデータ
[7](0,1,0,1,0,0,1) [1](1)
[1](0.604103)
True
42番目のデータ
[7](0,1,0,1,0,1,0) [1](1)
[1](0.524374)
True
43番目のデータ
[7](0,1,0,1,0,1,1) [1](0)
[1](0.553397)
False
44番目のデータ
[7](0,1,0,1,1,0,0) [1](1)
[1](0.569604)
True
45番目のデータ
[7](0,1,0,1,1,0,1) [1](0)
[1](0.593047)
False
46番目のデータ
[7](0,1,0,1,1,1,0) [1](0)
[1](0.518017)
False
47番目のデータ
[7](0,1,0,1,1,1,1) [1](1)
[1](0.546749)
True
48番目のデータ
[7](0,1,1,0,0,0,0) [1](0)
[1](0.51281)
False
49番目のデータ
[7](0,1,1,0,0,0,1) [1](1)
[1](0.544961)
True
50番目のデータ
[7](0,1,1,0,0,1,0) [1](1)
[1](0.469868)
False
51番目のデータ
[7](0,1,1,0,0,1,1) [1](0)
[1](0.499018)
True
52番目のデータ
[7](0,1,1,0,1,0,0) [1](1)
[1](0.504959)
True
53番目のデータ
[7](0,1,1,0,1,0,1) [1](0)
[1](0.535367)
False
54番目のデータ
[7](0,1,1,0,1,1,0) [1](0)
[1](0.464082)
True
55番目のデータ
[7](0,1,1,0,1,1,1) [1](1)
[1](0.493546)
False
56番目のデータ
[7](0,1,1,1,0,0,0) [1](1)
[1](0.509057)
True
57番目のデータ
[7](0,1,1,1,0,0,1) [1](0)
[1](0.52875)
False
58番目のデータ
[7](0,1,1,1,0,1,0) [1](0)
[1](0.461286)
True
59番目のデータ
[7](0,1,1,1,0,1,1) [1](1)
[1](0.479013)
False
60番目のデータ
[7](0,1,1,1,1,0,0) [1](0)
[1](0.501317)
False
61番目のデータ
[7](0,1,1,1,1,0,1) [1](1)
[1](0.515947)
True
62番目のデータ
[7](0,1,1,1,1,1,0) [1](1)
[1](0.459031)
False
63番目のデータ
[7](0,1,1,1,1,1,1) [1](0)
[1](0.473782)
True
64番目のデータ
[7](1,0,0,0,0,0,0) [1](1)
[1](0.529952)
True
65番目のデータ
[7](1,0,0,0,0,0,1) [1](0)
[1](0.566208)
False
66番目のデータ
[7](1,0,0,0,0,1,0) [1](0)
[1](0.47207)
True
67番目のデータ
[7](1,0,0,0,0,1,1) [1](1)
[1](0.50841)
True
68番目のデータ
[7](1,0,0,0,1,0,0) [1](0)
[1](0.521686)
False
69番目のデータ
[7](1,0,0,0,1,0,1) [1](1)
[1](0.556507)
True
70番目のデータ
[7](1,0,0,0,1,1,0) [1](1)
[1](0.465361)
False
71番目のデータ
[7](1,0,0,0,1,1,1) [1](0)
[1](0.501958)
False
72番目のデータ
[7](1,0,0,1,0,0,0) [1](0)
[1](0.527711)
False
73番目のデータ
[7](1,0,0,1,0,0,1) [1](1)
[1](0.55728)
True
74番目のデータ
[7](1,0,0,1,0,1,0) [1](1)
[1](0.4734)
False
75番目のデータ
[7](1,0,0,1,0,1,1) [1](0)
[1](0.502706)
False
76番目のデータ
[7](1,0,0,1,1,0,0) [1](1)
[1](0.519207)
True
77番目のデータ
[7](1,0,0,1,1,0,1) [1](0)
[1](0.543832)
False
78番目のデータ
[7](1,0,0,1,1,1,0) [1](0)
[1](0.469068)
True
79番目のデータ
[7](1,0,0,1,1,1,1) [1](1)
[1](0.495466)
False
80番目のデータ
[7](1,0,1,0,0,0,0) [1](0)
[1](0.456832)
True
81番目のデータ
[7](1,0,1,0,0,0,1) [1](1)
[1](0.491175)
False
82番目のデータ
[7](1,0,1,0,0,1,0) [1](1)
[1](0.403058)
False
83番目のデータ
[7](1,0,1,0,0,1,1) [1](0)
[1](0.431306)
True
84番目のデータ
[7](1,0,1,0,1,0,0) [1](1)
[1](0.45045)
False
85番目のデータ
[7](1,0,1,0,1,0,1) [1](0)
[1](0.481507)
True
86番目のデータ
[7](1,0,1,0,1,1,0) [1](0)
[1](0.401892)
True
87番目のデータ
[7](1,0,1,0,1,1,1) [1](1)
[1](0.428821)
False
88番目のデータ
[7](1,0,1,1,0,0,0) [1](1)
[1](0.461766)
False
89番目のデータ
[7](1,0,1,1,0,0,1) [1](0)
[1](0.483582)
True
90番目のデータ
[7](1,0,1,1,0,1,0) [1](0)
[1](0.40869)
True
91番目のデータ
[7](1,0,1,1,0,1,1) [1](1)
[1](0.425046)
False
92番目のデータ
[7](1,0,1,1,1,0,0) [1](0)
[1](0.454053)
True
93番目のデータ
[7](1,0,1,1,1,0,1) [1](1)
[1](0.469897)
False
94番目のデータ
[7](1,0,1,1,1,1,0) [1](1)
[1](0.408413)
False
95番目のデータ
[7](1,0,1,1,1,1,1) [1](0)
[1](0.42083)
True
96番目のデータ
[7](1,1,0,0,0,0,0) [1](0)
[1](0.54435)
False
97番目のデータ
[7](1,1,0,0,0,0,1) [1](1)
[1](0.577782)
True
98番目のデータ
[7](1,1,0,0,0,1,0) [1](1)
[1](0.492345)
False
99番目のデータ
[7](1,1,0,0,0,1,1) [1](0)
[1](0.529381)
False
100番目のデータ
[7](1,1,0,0,1,0,0) [1](1)
[1](0.536244)
True
101番目のデータ
[7](1,1,0,0,1,0,1) [1](0)
[1](0.570906)
False
102番目のデータ
[7](1,1,0,0,1,1,0) [1](0)
[1](0.484726)
True
103番目のデータ
[7](1,1,0,0,1,1,1) [1](1)
[1](0.524455)
True
104番目のデータ
[7](1,1,0,1,0,0,0) [1](1)
[1](0.536756)
True
105番目のデータ
[7](1,1,0,1,0,0,1) [1](0)
[1](0.565324)
False
106番目のデータ
[7](1,1,0,1,0,1,0) [1](0)
[1](0.48424)
True
107番目のデータ
[7](1,1,0,1,0,1,1) [1](1)
[1](0.515277)
True
108番目のデータ
[7](1,1,0,1,1,0,0) [1](0)
[1](0.527313)
False
109番目のデータ
[7](1,1,0,1,1,0,1) [1](1)
[1](0.552874)
True
110番目のデータ
[7](1,1,0,1,1,1,0) [1](1)
[1](0.478196)
False
111番目のデータ
[7](1,1,0,1,1,1,1) [1](0)
[1](0.507904)
False
112番目のデータ
[7](1,1,1,0,0,0,0) [1](1)
[1](0.473606)
False
113番目のデータ
[7](1,1,1,0,0,0,1) [1](0)
[1](0.506051)
False
114番目のデータ
[7](1,1,1,0,0,1,0) [1](0)
[1](0.428335)
True
115番目のデータ
[7](1,1,1,0,0,1,1) [1](1)
[1](0.458797)
False
116番目のデータ
[7](1,1,1,0,1,0,0) [1](0)
[1](0.465955)
True
117番目のデータ
[7](1,1,1,0,1,0,1) [1](1)
[1](0.497371)
False
118番目のデータ
[7](1,1,1,0,1,1,0) [1](1)
[1](0.424888)
False
119番目のデータ
[7](1,1,1,0,1,1,1) [1](0)
[1](0.45585)
True
120番目のデータ
[7](1,1,1,1,0,0,0) [1](0)
[1](0.471993)
True
121番目のデータ
[7](1,1,1,1,0,0,1) [1](1)
[1](0.493611)
False
122番目のデータ
[7](1,1,1,1,0,1,0) [1](1)
[1](0.423765)
False
123番目のデータ
[7](1,1,1,1,0,1,1) [1](0)
[1](0.443217)
True
124番目のデータ
[7](1,1,1,1,1,0,0) [1](1)
[1](0.462852)
False
125番目のデータ
[7](1,1,1,1,1,0,1) [1](0)
[1](0.479648)
True
126番目のデータ
[7](1,1,1,1,1,1,0) [1](0)
[1](0.421364)
True
127番目のデータ
[7](1,1,1,1,1,1,1) [1](1)
[1](0.437611)
False
False 62
50000
test start!
0番目のデータ
[7](0,0,0,0,0,0,0) [1](0)
[1](0.500386)
False
1番目のデータ
[7](0,0,0,0,0,0,1) [1](1)
[1](0.502214)
True
2番目のデータ
[7](0,0,0,0,0,1,0) [1](1)
[1](0.500292)
True
3番目のデータ
[7](0,0,0,0,0,1,1) [1](0)
[1](0.500735)
False
4番目のデータ
[7](0,0,0,0,1,0,0) [1](1)
[1](0.500676)
True
5番目のデータ
[7](0,0,0,0,1,0,1) [1](0)
[1](0.50156)
False
6番目のデータ
[7](0,0,0,0,1,1,0) [1](0)
[1](0.499789)
True
7番目のデータ
[7](0,0,0,0,1,1,1) [1](1)
[1](0.500351)
True
8番目のデータ
[7](0,0,0,1,0,0,0) [1](1)
[1](0.500131)
True
9番目のデータ
[7](0,0,0,1,0,0,1) [1](0)
[1](0.501425)
False
10番目のデータ
[7](0,0,0,1,0,1,0) [1](0)
[1](0.499724)
True
11番目のデータ
[7](0,0,0,1,0,1,1) [1](1)
[1](0.500157)
True
12番目のデータ
[7](0,0,0,1,1,0,0) [1](0)
[1](0.501115)
False
13番目のデータ
[7](0,0,0,1,1,0,1) [1](1)
[1](0.501154)
True
14番目のデータ
[7](0,0,0,1,1,1,0) [1](1)
[1](0.501094)
True
15番目のデータ
[7](0,0,0,1,1,1,1) [1](0)
[1](0.500905)
False
16番目のデータ
[7](0,0,1,0,0,0,0) [1](1)
[1](0.499499)
False
17番目のデータ
[7](0,0,1,0,0,0,1) [1](0)
[1](0.501577)
False
18番目のデータ
[7](0,0,1,0,0,1,0) [1](0)
[1](0.500866)
False
19番目のデータ
[7](0,0,1,0,0,1,1) [1](1)
[1](0.500087)
True
20番目のデータ
[7](0,0,1,0,1,0,0) [1](0)
[1](0.499467)
True
21番目のデータ
[7](0,0,1,0,1,0,1) [1](1)
[1](0.498837)
False
22番目のデータ
[7](0,0,1,0,1,1,0) [1](1)
[1](0.501032)
True
23番目のデータ
[7](0,0,1,0,1,1,1) [1](0)
[1](0.498718)
True
24番目のデータ
[7](0,0,1,1,0,0,0) [1](0)
[1](0.500512)
False
25番目のデータ
[7](0,0,1,1,0,0,1) [1](1)
[1](0.501217)
True
26番目のデータ
[7](0,0,1,1,0,1,0) [1](1)
[1](0.500522)
True
27番目のデータ
[7](0,0,1,1,0,1,1) [1](0)
[1](0.499701)
True
28番目のデータ
[7](0,0,1,1,1,0,0) [1](1)
[1](0.501006)
True
29番目のデータ
[7](0,0,1,1,1,0,1) [1](0)
[1](0.49926)
True
30番目のデータ
[7](0,0,1,1,1,1,0) [1](0)
[1](0.502421)
False
31番目のデータ
[7](0,0,1,1,1,1,1) [1](1)
[1](0.49976)
False
32番目のデータ
[7](0,1,0,0,0,0,0) [1](1)
[1](0.499155)
False
33番目のデータ
[7](0,1,0,0,0,0,1) [1](0)
[1](0.500387)
False
34番目のデータ
[7](0,1,0,0,0,1,0) [1](0)
[1](0.500227)
False
35番目のデータ
[7](0,1,0,0,0,1,1) [1](1)
[1](0.500643)
True
36番目のデータ
[7](0,1,0,0,1,0,0) [1](0)
[1](0.499015)
True
37番目のデータ
[7](0,1,0,0,1,0,1) [1](1)
[1](0.499343)
False
38番目のデータ
[7](0,1,0,0,1,1,0) [1](1)
[1](0.498188)
False
39番目のデータ
[7](0,1,0,0,1,1,1) [1](0)
[1](0.498724)
True
40番目のデータ
[7](0,1,0,1,0,0,0) [1](0)
[1](0.498939)
True
41番目のデータ
[7](0,1,0,1,0,0,1) [1](1)
[1](0.500489)
True
42番目のデータ
[7](0,1,0,1,0,1,0) [1](1)
[1](0.49807)
False
43番目のデータ
[7](0,1,0,1,0,1,1) [1](0)
[1](0.499406)
True
44番目のデータ
[7](0,1,0,1,1,0,0) [1](1)
[1](0.499678)
False
45番目のデータ
[7](0,1,0,1,1,0,1) [1](0)
[1](0.499817)
True
46番目のデータ
[7](0,1,0,1,1,1,0) [1](0)
[1](0.497988)
True
47番目のデータ
[7](0,1,0,1,1,1,1) [1](1)
[1](0.498454)
False
48番目のデータ
[7](0,1,1,0,0,0,0) [1](0)
[1](0.4991)
True
49番目のデータ
[7](0,1,1,0,0,0,1) [1](1)
[1](0.501444)
True
50番目のデータ
[7](0,1,1,0,0,1,0) [1](1)
[1](0.502504)
True
51番目のデータ
[7](0,1,1,0,0,1,1) [1](0)
[1](0.502292)
False
52番目のデータ
[7](0,1,1,0,1,0,0) [1](1)
[1](0.497598)
False
53番目のデータ
[7](0,1,1,0,1,0,1) [1](0)
[1](0.497202)
True
54番目のデータ
[7](0,1,1,0,1,1,0) [1](0)
[1](0.499908)
True
55番目のデータ
[7](0,1,1,0,1,1,1) [1](1)
[1](0.498095)
False
56番目のデータ
[7](0,1,1,1,0,0,0) [1](1)
[1](0.500999)
True
57番目のデータ
[7](0,1,1,1,0,0,1) [1](0)
[1](0.502296)
False
58番目のデータ
[7](0,1,1,1,0,1,0) [1](0)
[1](0.501306)
False
59番目のデータ
[7](0,1,1,1,0,1,1) [1](1)
[1](0.501526)
True
60番目のデータ
[7](0,1,1,1,1,0,0) [1](0)
[1](0.50006)
False
61番目のデータ
[7](0,1,1,1,1,0,1) [1](1)
[1](0.498703)
False
62番目のデータ
[7](0,1,1,1,1,1,0) [1](1)
[1](0.500291)
True
63番目のデータ
[7](0,1,1,1,1,1,1) [1](0)
[1](0.498528)
True
64番目のデータ
[7](1,0,0,0,0,0,0) [1](1)
[1](0.500152)
True
65番目のデータ
[7](1,0,0,0,0,0,1) [1](0)
[1](0.500757)
False
66番目のデータ
[7](1,0,0,0,0,1,0) [1](0)
[1](0.499594)
True
67番目のデータ
[7](1,0,0,0,0,1,1) [1](1)
[1](0.499873)
False
68番目のデータ
[7](1,0,0,0,1,0,0) [1](0)
[1](0.501556)
False
69番目のデータ
[7](1,0,0,0,1,0,1) [1](1)
[1](0.502096)
True
70番目のデータ
[7](1,0,0,0,1,1,0) [1](1)
[1](0.500877)
True
71番目のデータ
[7](1,0,0,0,1,1,1) [1](0)
[1](0.501535)
False
72番目のデータ
[7](1,0,0,1,0,0,0) [1](0)
[1](0.498954)
True
73番目のデータ
[7](1,0,0,1,0,0,1) [1](1)
[1](0.498665)
False
74番目のデータ
[7](1,0,0,1,0,1,0) [1](1)
[1](0.498919)
False
75番目のデータ
[7](1,0,0,1,0,1,1) [1](0)
[1](0.49827)
True
76番目のデータ
[7](1,0,0,1,1,0,0) [1](1)
[1](0.500799)
True
77番目のデータ
[7](1,0,0,1,1,0,1) [1](0)
[1](0.500044)
False
78番目のデータ
[7](1,0,0,1,1,1,0) [1](0)
[1](0.501563)
False
79番目のデータ
[7](1,0,0,1,1,1,1) [1](1)
[1](0.500524)
True
80番目のデータ
[7](1,0,1,0,0,0,0) [1](0)
[1](0.49864)
True
81番目のデータ
[7](1,0,1,0,0,0,1) [1](1)
[1](0.499232)
False
82番目のデータ
[7](1,0,1,0,0,1,0) [1](1)
[1](0.499045)
False
83番目のデータ
[7](1,0,1,0,0,1,1) [1](0)
[1](0.497723)
True
84番目のデータ
[7](1,0,1,0,1,0,0) [1](1)
[1](0.499163)
False
85番目のデータ
[7](1,0,1,0,1,0,1) [1](0)
[1](0.498187)
True
86番目のデータ
[7](1,0,1,0,1,1,0) [1](0)
[1](0.500171)
False
87番目のデータ
[7](1,0,1,0,1,1,1) [1](1)
[1](0.497827)
False
88番目のデータ
[7](1,0,1,1,0,0,0) [1](1)
[1](0.500141)
True
89番目のデータ
[7](1,0,1,1,0,0,1) [1](0)
[1](0.498779)
True
90番目のデータ
[7](1,0,1,1,0,1,0) [1](0)
[1](0.499742)
True
91番目のデータ
[7](1,0,1,1,0,1,1) [1](1)
[1](0.497082)
False
92番目のデータ
[7](1,0,1,1,1,0,0) [1](0)
[1](0.500551)
False
93番目のデータ
[7](1,0,1,1,1,0,1) [1](1)
[1](0.497973)
False
94番目のデータ
[7](1,0,1,1,1,1,0) [1](1)
[1](0.501582)
True
95番目のデータ
[7](1,0,1,1,1,1,1) [1](0)
[1](0.497879)
True
96番目のデータ
[7](1,1,0,0,0,0,0) [1](0)
[1](0.499213)
True
97番目のデータ
[7](1,1,0,0,0,0,1) [1](1)
[1](0.500288)
True
98番目のデータ
[7](1,1,0,0,0,1,0) [1](1)
[1](0.499546)
False
99番目のデータ
[7](1,1,0,0,0,1,1) [1](0)
[1](0.500782)
False
100番目のデータ
[7](1,1,0,0,1,0,0) [1](1)
[1](0.500809)
True
101番目のデータ
[7](1,1,0,0,1,0,1) [1](0)
[1](0.501747)
False
102番目のデータ
[7](1,1,0,0,1,1,0) [1](0)
[1](0.500071)
False
103番目のデータ
[7](1,1,0,0,1,1,1) [1](1)
[1](0.501628)
True
104番目のデータ
[7](1,1,0,1,0,0,0) [1](1)
[1](0.497885)
False
105番目のデータ
[7](1,1,0,1,0,0,1) [1](0)
[1](0.499034)
True
106番目のデータ
[7](1,1,0,1,0,1,0) [1](0)
[1](0.497454)
True
107番目のデータ
[7](1,1,0,1,0,1,1) [1](1)
[1](0.498858)
False
108番目のデータ
[7](1,1,0,1,1,0,0) [1](0)
[1](0.500277)
False
109番目のデータ
[7](1,1,0,1,1,0,1) [1](1)
[1](0.500728)
True
110番目のデータ
[7](1,1,0,1,1,1,0) [1](1)
[1](0.499789)
False
111番目のデータ
[7](1,1,0,1,1,1,1) [1](0)
[1](0.500445)
False
112番目のデータ
[7](1,1,1,0,0,0,0) [1](1)
[1](0.499249)
False
113番目のデータ
[7](1,1,1,0,0,0,1) [1](0)
[1](0.500902)
False
114番目のデータ
[7](1,1,1,0,0,1,0) [1](0)
[1](0.501311)
False
115番目のデータ
[7](1,1,1,0,0,1,1) [1](1)
[1](0.501323)
True
116番目のデータ
[7](1,1,1,0,1,0,0) [1](0)
[1](0.499341)
True
117番目のデータ
[7](1,1,1,0,1,0,1) [1](1)
[1](0.499445)
False
118番目のデータ
[7](1,1,1,0,1,1,0) [1](1)
[1](0.500984)
True
119番目のデータ
[7](1,1,1,0,1,1,1) [1](0)
[1](0.499858)
True
120番目のデータ
[7](1,1,1,1,0,0,0) [1](0)
[1](0.501179)
False
121番目のデータ
[7](1,1,1,1,0,0,1) [1](1)
[1](0.501261)
True
122番目のデータ
[7](1,1,1,1,0,1,0) [1](1)
[1](0.50105)
True
123番目のデータ
[7](1,1,1,1,0,1,1) [1](0)
[1](0.500339)
False
124番目のデータ
[7](1,1,1,1,1,0,0) [1](1)
[1](0.501572)
True
125番目のデータ
[7](1,1,1,1,1,0,1) [1](0)
[1](0.500144)
False
126番目のデータ
[7](1,1,1,1,1,1,0) [1](0)
[1](0.501693)
False
127番目のデータ
[7](1,1,1,1,1,1,1) [1](1)
[1](0.499536)
False
False 66
100000
test start!
0番目のデータ
[7](0,0,0,0,0,0,0) [1](0)
[1](0.498423)
True
1番目のデータ
[7](0,0,0,0,0,0,1) [1](1)
[1](0.500356)
True
2番目のデータ
[7](0,0,0,0,0,1,0) [1](1)
[1](0.499283)
False
3番目のデータ
[7](0,0,0,0,0,1,1) [1](0)
[1](0.500122)
False
4番目のデータ
[7](0,0,0,0,1,0,0) [1](1)
[1](0.499276)
False
5番目のデータ
[7](0,0,0,0,1,0,1) [1](0)
[1](0.500597)
False
6番目のデータ
[7](0,0,0,0,1,1,0) [1](0)
[1](0.499598)
True
7番目のデータ
[7](0,0,0,0,1,1,1) [1](1)
[1](0.500679)
True
8番目のデータ
[7](0,0,0,1,0,0,0) [1](1)
[1](0.499138)
False
9番目のデータ
[7](0,0,0,1,0,0,1) [1](0)
[1](0.500657)
False
10番目のデータ
[7](0,0,0,1,0,1,0) [1](0)
[1](0.499706)
True
11番目のデータ
[7](0,0,0,1,0,1,1) [1](1)
[1](0.500208)
True
12番目のデータ
[7](0,0,0,1,1,0,0) [1](0)
[1](0.499954)
True
13番目のデータ
[7](0,0,0,1,1,0,1) [1](1)
[1](0.5007)
True
14番目のデータ
[7](0,0,0,1,1,1,0) [1](1)
[1](0.500441)
True
15番目のデータ
[7](0,0,0,1,1,1,1) [1](0)
[1](0.500553)
False
16番目のデータ
[7](0,0,1,0,0,0,0) [1](1)
[1](0.498889)
False
17番目のデータ
[7](0,0,1,0,0,0,1) [1](0)
[1](0.500813)
False
18番目のデータ
[7](0,0,1,0,0,1,0) [1](0)
[1](0.500105)
False
19番目のデータ
[7](0,0,1,0,0,1,1) [1](1)
[1](0.500241)
True
20番目のデータ
[7](0,0,1,0,1,0,0) [1](0)
[1](0.499599)
True
21番目のデータ
[7](0,0,1,0,1,0,1) [1](1)
[1](0.499907)
False
22番目のデータ
[7](0,0,1,0,1,1,0) [1](1)
[1](0.500792)
True
23番目のデータ
[7](0,0,1,0,1,1,1) [1](0)
[1](0.500123)
False
24番目のデータ
[7](0,0,1,1,0,0,0) [1](0)
[1](0.499719)
True
25番目のデータ
[7](0,0,1,1,0,0,1) [1](1)
[1](0.500591)
True
26番目のデータ
[7](0,0,1,1,0,1,0) [1](1)
[1](0.500049)
True
27番目のデータ
[7](0,0,1,1,0,1,1) [1](0)
[1](0.499978)
True
28番目のデータ
[7](0,0,1,1,1,0,0) [1](1)
[1](0.500303)
True
29番目のデータ
[7](0,0,1,1,1,0,1) [1](0)
[1](0.499854)
True
30番目のデータ
[7](0,0,1,1,1,1,0) [1](0)
[1](0.500998)
False
31番目のデータ
[7](0,0,1,1,1,1,1) [1](1)
[1](0.499836)
False
32番目のデータ
[7](0,1,0,0,0,0,0) [1](1)
[1](0.498952)
False
33番目のデータ
[7](0,1,0,0,0,0,1) [1](0)
[1](0.499959)
True
34番目のデータ
[7](0,1,0,0,0,1,0) [1](0)
[1](0.500201)
False
35番目のデータ
[7](0,1,0,0,0,1,1) [1](1)
[1](0.500015)
True
36番目のデータ
[7](0,1,0,0,1,0,0) [1](0)
[1](0.499513)
True
37番目のデータ
[7](0,1,0,0,1,0,1) [1](1)
[1](0.500097)
True
38番目のデータ
[7](0,1,0,0,1,1,0) [1](1)
[1](0.499658)
False
39番目のデータ
[7](0,1,0,0,1,1,1) [1](0)
[1](0.499814)
True
40番目のデータ
[7](0,1,0,1,0,0,0) [1](0)
[1](0.499667)
True
41番目のデータ
[7](0,1,0,1,0,0,1) [1](1)
[1](0.500682)
True
42番目のデータ
[7](0,1,0,1,0,1,0) [1](1)
[1](0.499646)
False
43番目のデータ
[7](0,1,0,1,0,1,1) [1](0)
[1](0.499712)
True
44番目のデータ
[7](0,1,0,1,1,0,0) [1](1)
[1](0.500523)
True
45番目のデータ
[7](0,1,0,1,1,0,1) [1](0)
[1](0.500592)
False
46番目のデータ
[7](0,1,0,1,1,1,0) [1](0)
[1](0.49983)
True
47番目のデータ
[7](0,1,0,1,1,1,1) [1](1)
[1](0.49922)
False
48番目のデータ
[7](0,1,1,0,0,0,0) [1](0)
[1](0.499496)
True
49番目のデータ
[7](0,1,1,0,0,0,1) [1](1)
[1](0.500917)
True
50番目のデータ
[7](0,1,1,0,0,1,0) [1](1)
[1](0.501205)
True
51番目のデータ
[7](0,1,1,0,0,1,1) [1](0)
[1](0.500569)
False
52番目のデータ
[7](0,1,1,0,1,0,0) [1](1)
[1](0.499307)
False
53番目のデータ
[7](0,1,1,0,1,0,1) [1](0)
[1](0.499264)
True
54番目のデータ
[7](0,1,1,0,1,1,0) [1](0)
[1](0.500288)
False
55番目のデータ
[7](0,1,1,0,1,1,1) [1](1)
[1](0.498966)
False
56番目のデータ
[7](0,1,1,1,0,0,0) [1](1)
[1](0.500859)
True
57番目のデータ
[7](0,1,1,1,0,0,1) [1](0)
[1](0.501271)
False
58番目のデータ
[7](0,1,1,1,0,1,0) [1](0)
[1](0.50063)
False
59番目のデータ
[7](0,1,1,1,0,1,1) [1](1)
[1](0.499983)
False
60番目のデータ
[7](0,1,1,1,1,0,0) [1](0)
[1](0.500655)
False
61番目のデータ
[7](0,1,1,1,1,0,1) [1](1)
[1](0.499577)
False
62番目のデータ
[7](0,1,1,1,1,1,0) [1](1)
[1](0.500052)
True
63番目のデータ
[7](0,1,1,1,1,1,1) [1](0)
[1](0.498219)
True
64番目のデータ
[7](1,0,0,0,0,0,0) [1](1)
[1](0.499567)
False
65番目のデータ
[7](1,0,0,0,0,0,1) [1](0)
[1](0.500272)
False
66番目のデータ
[7](1,0,0,0,0,1,0) [1](0)
[1](0.499688)
True
67番目のデータ
[7](1,0,0,0,0,1,1) [1](1)
[1](0.500476)
True
68番目のデータ
[7](1,0,0,0,1,0,0) [1](0)
[1](0.500506)
False
69番目のデータ
[7](1,0,0,0,1,0,1) [1](1)
[1](0.500972)
True
70番目のデータ
[7](1,0,0,0,1,1,0) [1](1)
[1](0.500531)
True
71番目のデータ
[7](1,0,0,0,1,1,1) [1](0)
[1](0.501318)
False
72番目のデータ
[7](1,0,0,1,0,0,0) [1](0)
[1](0.499719)
True
73番目のデータ
[7](1,0,0,1,0,0,1) [1](1)
[1](0.499946)
False
74番目のデータ
[7](1,0,0,1,0,1,0) [1](1)
[1](0.50018)
True
75番目のデータ
[7](1,0,0,1,0,1,1) [1](0)
[1](0.499878)
True
76番目のデータ
[7](1,0,0,1,1,0,0) [1](1)
[1](0.500219)
True
77番目のデータ
[7](1,0,0,1,1,0,1) [1](0)
[1](0.500007)
False
78番目のデータ
[7](1,0,0,1,1,1,0) [1](0)
[1](0.50081)
False
79番目のデータ
[7](1,0,0,1,1,1,1) [1](1)
[1](0.499928)
False
80番目のデータ
[7](1,0,1,0,0,0,0) [1](0)
[1](0.499239)
True
81番目のデータ
[7](1,0,1,0,0,0,1) [1](1)
[1](0.500117)
True
82番目のデータ
[7](1,0,1,0,0,1,0) [1](1)
[1](0.499837)
False
83番目のデータ
[7](1,0,1,0,0,1,1) [1](0)
[1](0.500027)
False
84番目のデータ
[7](1,0,1,0,1,0,0) [1](1)
[1](0.499725)
False
85番目のデータ
[7](1,0,1,0,1,0,1) [1](0)
[1](0.499579)
True
86番目のデータ
[7](1,0,1,0,1,1,0) [1](0)
[1](0.500462)
False
87番目のデータ
[7](1,0,1,0,1,1,1) [1](1)
[1](0.499905)
False
88番目のデータ
[7](1,0,1,1,0,0,0) [1](1)
[1](0.500408)
True
89番目のデータ
[7](1,0,1,1,0,0,1) [1](0)
[1](0.499806)
True
90番目のデータ
[7](1,0,1,1,0,1,0) [1](0)
[1](0.500362)
False
91番目のデータ
[7](1,0,1,1,0,1,1) [1](1)
[1](0.499175)
False
92番目のデータ
[7](1,0,1,1,1,0,0) [1](0)
[1](0.500013)
False
93番目のデータ
[7](1,0,1,1,1,0,1) [1](1)
[1](0.498806)
False
94番目のデータ
[7](1,0,1,1,1,1,0) [1](1)
[1](0.500361)
True
95番目のデータ
[7](1,0,1,1,1,1,1) [1](0)
[1](0.49843)
True
96番目のデータ
[7](1,1,0,0,0,0,0) [1](0)
[1](0.499995)
True
97番目のデータ
[7](1,1,0,0,0,0,1) [1](1)
[1](0.50013)
True
98番目のデータ
[7](1,1,0,0,0,1,0) [1](1)
[1](0.499973)
False
99番目のデータ
[7](1,1,0,0,0,1,1) [1](0)
[1](0.500076)
False
100番目のデータ
[7](1,1,0,0,1,0,0) [1](1)
[1](0.500543)
True
101番目のデータ
[7](1,1,0,0,1,0,1) [1](0)
[1](0.500511)
False
102番目のデータ
[7](1,1,0,0,1,1,0) [1](0)
[1](0.500134)
False
103番目のデータ
[7](1,1,0,0,1,1,1) [1](1)
[1](0.500294)
True
104番目のデータ
[7](1,1,0,1,0,0,0) [1](1)
[1](0.499732)
False
105番目のデータ
[7](1,1,0,1,0,0,1) [1](0)
[1](0.499911)
True
106番目のデータ
[7](1,1,0,1,0,1,0) [1](0)
[1](0.499503)
True
107番目のデータ
[7](1,1,0,1,0,1,1) [1](1)
[1](0.499232)
False
108番目のデータ
[7](1,1,0,1,1,0,0) [1](0)
[1](0.500436)
False
109番目のデータ
[7](1,1,0,1,1,0,1) [1](1)
[1](0.499938)
False
110番目のデータ
[7](1,1,0,1,1,1,0) [1](1)
[1](0.500122)
True
111番目のデータ
[7](1,1,0,1,1,1,1) [1](0)
[1](0.498868)
True
112番目のデータ
[7](1,1,1,0,0,0,0) [1](1)
[1](0.500128)
True
113番目のデータ
[7](1,1,1,0,0,0,1) [1](0)
[1](0.500537)
False
114番目のデータ
[7](1,1,1,0,0,1,0) [1](0)
[1](0.500701)
False
115番目のデータ
[7](1,1,1,0,0,1,1) [1](1)
[1](0.500162)
True
116番目のデータ
[7](1,1,1,0,1,0,0) [1](0)
[1](0.500008)
False
117番目のデータ
[7](1,1,1,0,1,0,1) [1](1)
[1](0.499515)
False
118番目のデータ
[7](1,1,1,0,1,1,0) [1](1)
[1](0.500382)
True
119番目のデータ
[7](1,1,1,0,1,1,1) [1](0)
[1](0.499078)
True
120番目のデータ
[7](1,1,1,1,0,0,0) [1](0)
[1](0.501147)
False
121番目のデータ
[7](1,1,1,1,0,0,1) [1](1)
[1](0.500227)
True
122番目のデータ
[7](1,1,1,1,0,1,0) [1](1)
[1](0.500509)
True
123番目のデータ
[7](1,1,1,1,0,1,1) [1](0)
[1](0.498951)
True
124番目のデータ
[7](1,1,1,1,1,0,0) [1](1)
[1](0.500631)
True
125番目のデータ
[7](1,1,1,1,1,0,1) [1](0)
[1](0.498762)
True
126番目のデータ
[7](1,1,1,1,1,1,0) [1](0)
[1](0.499941)
True
127番目のデータ
[7](1,1,1,1,1,1,1) [1](1)
[1](0.497219)
False
False 68
